0 info it worked if it ends with ok
1 verbose cli [ '/usr/bin/nodejs', '/usr/bin/npm', 'install', 'godbox' ]
2 info using npm@1.3.10
3 info using node@v0.10.25
4 verbose readDependencies using package.json deps
5 verbose cache add [ 'godbox', null ]
6 verbose cache add name=undefined spec="godbox" args=["godbox",null]
7 verbose parsed url { protocol: null,
7 verbose parsed url   slashes: null,
7 verbose parsed url   auth: null,
7 verbose parsed url   host: null,
7 verbose parsed url   port: null,
7 verbose parsed url   hostname: null,
7 verbose parsed url   hash: null,
7 verbose parsed url   search: null,
7 verbose parsed url   query: null,
7 verbose parsed url   pathname: 'godbox',
7 verbose parsed url   path: 'godbox',
7 verbose parsed url   href: 'godbox' }
8 silly lockFile 2953db89-godbox godbox
9 verbose lock godbox /home/rgb/.npm/2953db89-godbox.lock
10 silly lockFile 2953db89-godbox godbox
11 silly lockFile 2953db89-godbox godbox
12 verbose addNamed [ 'godbox', '' ]
13 verbose addNamed [ null, '*' ]
14 silly lockFile 5069ee56-godbox godbox@
15 verbose lock godbox@ /home/rgb/.npm/5069ee56-godbox.lock
16 silly addNameRange { name: 'godbox', range: '*', hasData: false }
17 verbose url raw godbox
18 verbose url resolving [ 'https://registry.npmjs.org/', './godbox' ]
19 verbose url resolved https://registry.npmjs.org/godbox
20 info trying registry request attempt 1 at 17:09:24
21 http GET https://registry.npmjs.org/godbox
22 http 404 https://registry.npmjs.org/godbox
23 silly registry.get cb [ 404,
23 silly registry.get   { date: 'Tue, 27 May 2014 00:09:24 GMT',
23 silly registry.get     server: 'CouchDB/1.5.0 (Erlang OTP/R14B04)',
23 silly registry.get     'content-type': 'application/json',
23 silly registry.get     via: '1.1 varnish',
23 silly registry.get     'cache-control': 'max-age=0',
23 silly registry.get     'content-length': '52',
23 silly registry.get     'accept-ranges': 'bytes',
23 silly registry.get     age: '0',
23 silly registry.get     'x-served-by': 'cache-v44-ASH, cache-lax1428-LAX',
23 silly registry.get     'x-cache': 'MISS, MISS',
23 silly registry.get     'x-cache-hits': '0, 0',
23 silly registry.get     'x-timer': 'S1401149364.409917,VS0,VE159',
23 silly registry.get     'keep-alive': 'timeout=10, max=50',
23 silly registry.get     connection: 'Keep-Alive' } ]
24 silly lockFile 5069ee56-godbox godbox@
25 silly lockFile 5069ee56-godbox godbox@
26 error 404 'godbox' is not in the npm registry.
26 error 404 You should bug the author to publish it
26 error 404
26 error 404 Note that you can also install from a
26 error 404 tarball, folder, or http url, or git url.
27 error System Linux 3.13.0-24-generic
28 error command "/usr/bin/nodejs" "/usr/bin/npm" "install" "godbox"
29 error cwd /home/rgb/Dev/derby-examples
30 error node -v v0.10.25
31 error npm -v 1.3.10
32 error code E404
33 verbose exit [ 1, true ]
